<?xml version="1.0" encoding="UTF-8"?>
<testsuite name="com.sixteam.ssgame.SsgameApplicationTests" tests="1" skipped="0" failures="0" errors="0" timestamp="2022-04-08T02:52:00" hostname="DESKTOP-I3N9C96" time="0.099">
  <properties/>
  <testcase name="contextLoads()" classname="com.sixteam.ssgame.SsgameApplicationTests" time="0.099"/>
  <system-out><![CDATA[11:51:50.299 [Test worker] DEBUG org.springframework.test.context.BootstrapUtils - Instantiating CacheAwareContextLoaderDelegate from class [org.springframework.test.context.cache.DefaultCacheAwareContextLoaderDelegate]
11:51:50.315 [Test worker] DEBUG org.springframework.test.context.BootstrapUtils - Instantiating BootstrapContext using constructor [public org.springframework.test.context.support.DefaultBootstrapContext(java.lang.Class,org.springframework.test.context.CacheAwareContextLoaderDelegate)]
11:51:50.379 [Test worker] DEBUG org.springframework.test.context.BootstrapUtils - Instantiating TestContextBootstrapper for test class [com.sixteam.ssgame.SsgameApplicationTests] from class [org.springframework.boot.test.context.SpringBootTestContextBootstrapper]
11:51:50.399 [Test worker] INFO org.springframework.boot.test.context.SpringBootTestContextBootstrapper - Neither @ContextConfiguration nor @ContextHierarchy found for test class [com.sixteam.ssgame.SsgameApplicationTests], using SpringBootContextLoader
11:51:50.404 [Test worker] DEBUG org.springframework.test.context.support.AbstractContextLoader - Did not detect default resource location for test class [com.sixteam.ssgame.SsgameApplicationTests]: class path resource [com/sixteam/ssgame/SsgameApplicationTests-context.xml] does not exist
11:51:50.404 [Test worker] DEBUG org.springframework.test.context.support.AbstractContextLoader - Did not detect default resource location for test class [com.sixteam.ssgame.SsgameApplicationTests]: class path resource [com/sixteam/ssgame/SsgameApplicationTestsContext.groovy] does not exist
11:51:50.405 [Test worker] INFO org.springframework.test.context.support.AbstractContextLoader - Could not detect default resource locations for test class [com.sixteam.ssgame.SsgameApplicationTests]: no resource found for suffixes {-context.xml, Context.groovy}.
11:51:50.406 [Test worker] INFO org.springframework.test.context.support.AnnotationConfigContextLoaderUtils - Could not detect default configuration classes for test class [com.sixteam.ssgame.SsgameApplicationTests]: SsgameApplicationTests does not declare any static, non-private, non-final, nested classes annotated with @Configuration.
11:51:50.466 [Test worker] DEBUG org.springframework.test.context.support.ActiveProfilesUtils - Could not find an 'annotation declaring class' for annotation type [org.springframework.test.context.ActiveProfiles] and class [com.sixteam.ssgame.SsgameApplicationTests]
11:51:50.562 [Test worker] DEBUG org.springframework.context.annotation.ClassPathScanningCandidateComponentProvider - Identified candidate component class: file [C:\SSAFY\2학기\특화\workspace\S06P22A306\backend\build\classes\java\main\com\sixteam\ssgame\SsgameApplication.class]
11:51:50.564 [Test worker] INFO org.springframework.boot.test.context.SpringBootTestContextBootstrapper - Found @SpringBootConfiguration com.sixteam.ssgame.SsgameApplication for test class com.sixteam.ssgame.SsgameApplicationTests
11:51:50.740 [Test worker] DEBUG org.springframework.boot.test.context.SpringBootTestContextBootstrapper - @TestExecutionListeners is not present for class [com.sixteam.ssgame.SsgameApplicationTests]: using defaults.
11:51:50.741 [Test worker] INFO org.springframework.boot.test.context.SpringBootTestContextBootstrapper - Loaded default TestExecutionListener class names from location [META-INF/spring.factories]: [org.springframework.security.test.context.support.WithSecurityContextTestExecutionListener, org.springframework.security.test.context.support.ReactorContextTestExecutionListener, org.springframework.boot.test.autoconfigure.restdocs.RestDocsTestExecutionListener, org.springframework.boot.test.autoconfigure.web.client.MockRestServiceServerResetTestExecutionListener, org.springframework.boot.test.autoconfigure.web.servlet.MockMvcPrintOnlyOnFailureTestExecutionListener, org.springframework.boot.test.autoconfigure.web.servlet.WebDriverTestExecutionListener, org.springframework.boot.test.autoconfigure.webservices.client.MockWebServiceServerTestExecutionListener, org.springframework.boot.test.mock.mockito.MockitoTestExecutionListener, org.springframework.boot.test.mock.mockito.ResetMocksTestExecutionListener, org.springframework.test.context.web.ServletTestExecutionListener, org.springframework.test.context.support.DirtiesContextBeforeModesTestExecutionListener, org.springframework.test.context.event.ApplicationEventsTestExecutionListener, org.springframework.test.context.support.DependencyInjectionTestExecutionListener, org.springframework.test.context.support.DirtiesContextTestExecutionListener, org.springframework.test.context.transaction.TransactionalTestExecutionListener, org.springframework.test.context.jdbc.SqlScriptsTestExecutionListener, org.springframework.test.context.event.EventPublishingTestExecutionListener]
11:51:50.792 [Test worker] INFO org.springframework.boot.test.context.SpringBootTestContextBootstrapper - Using TestExecutionListeners: [org.springframework.test.context.web.ServletTestExecutionListener@41c07648, org.springframework.test.context.support.DirtiesContextBeforeModesTestExecutionListener@1fe8d51b, org.springframework.test.context.event.ApplicationEventsTestExecutionListener@781e7326, org.springframework.boot.test.mock.mockito.MockitoTestExecutionListener@22680f52, org.springframework.boot.test.autoconfigure.SpringBootDependencyInjectionTestExecutionListener@60d84f61, org.springframework.test.context.support.DirtiesContextTestExecutionListener@39c11e6c, org.springframework.test.context.transaction.TransactionalTestExecutionListener@324dcd31, org.springframework.test.context.jdbc.SqlScriptsTestExecutionListener@503d56b5, org.springframework.security.test.context.support.WithSecurityContextTestExecutionListener@72bca894, org.springframework.test.context.event.EventPublishingTestExecutionListener@433ffad1, org.springframework.security.test.context.support.ReactorContextTestExecutionListener@1fc793c2, org.springframework.boot.test.autoconfigure.restdocs.RestDocsTestExecutionListener@2575f671, org.springframework.boot.test.autoconfigure.web.client.MockRestServiceServerResetTestExecutionListener@329a1243, org.springframework.boot.test.autoconfigure.web.servlet.MockMvcPrintOnlyOnFailureTestExecutionListener@ecf9fb3, org.springframework.boot.test.autoconfigure.web.servlet.WebDriverTestExecutionListener@2d35442b, org.springframework.boot.test.autoconfigure.webservices.client.MockWebServiceServerTestExecutionListener@27f9e982, org.springframework.boot.test.mock.mockito.ResetMocksTestExecutionListener@4593ff34]
11:51:50.801 [Test worker] DEBUG org.springframework.test.context.support.AbstractDirtiesContextTestExecutionListener - Before test class: context [DefaultTestContext@2024293c testClass = SsgameApplicationTests, testInstance = [null], testMethod = [null], testException = [null], mergedContextConfiguration = [WebMergedContextConfiguration@7048f722 testClass = SsgameApplicationTests, locations = '{}', classes = '{class com.sixteam.ssgame.SsgameApplication}', contextInitializerClasses = '[]', activeProfiles = '{}', propertySourceLocations = '{}', propertySourceProperties = '{org.springframework.boot.test.context.SpringBootTestContextBootstrapper=true}', contextCustomizers = set[org.springframework.boot.test.autoconfigure.actuate.metrics.MetricsExportContextCustomizerFactory$DisableMetricExportContextCustomizer@5a7005d, org.springframework.boot.test.autoconfigure.properties.PropertyMappingContextCustomizer@0, org.springframework.boot.test.autoconfigure.web.servlet.WebDriverContextCustomizerFactory$Customizer@72758afa, org.springframework.boot.test.context.filter.ExcludeFilterContextCustomizer@607fbe09, org.springframework.boot.test.json.DuplicateJsonObjectContextCustomizerFactory$DuplicateJsonObjectContextCustomizer@5dd91bca, org.springframework.boot.test.mock.mockito.MockitoContextCustomizer@0, org.springframework.boot.test.web.client.TestRestTemplateContextCustomizer@207b8649, org.springframework.boot.test.context.SpringBootTestArgs@1, org.springframework.boot.test.context.SpringBootTestWebEnvironment@6f8e8894], resourceBasePath = 'src/main/webapp', contextLoader = 'org.springframework.boot.test.context.SpringBootContextLoader', parent = [null]], attributes = map['org.springframework.test.context.web.ServletTestExecutionListener.activateListener' -> true]], class annotated with @DirtiesContext [false] with mode [null].

  .   ____          _            __ _ _
 /\\ / ___'_ __ _ _(_)_ __  __ _ \ \ \ \
( ( )\___ | '_ | '_| | '_ \/ _` | \ \ \ \
 \\/  ___)| |_)| | | | | || (_| |  ) ) ) )
  '  |____| .__|_| |_|_| |_\__, | / / / /
 =========|_|==============|___/=/_/_/_/
 :: Spring Boot ::               (v2.5.10)

2022-04-08 11:51:51.440  INFO 17696 --- [    Test worker] c.sixteam.ssgame.SsgameApplicationTests  : Starting SsgameApplicationTests using Java 11.0.14.1 on DESKTOP-I3N9C96 with PID 17696 (started by devil in C:\SSAFY\2학기\특화\workspace\S06P22A306\backend)
2022-04-08 11:51:51.442  INFO 17696 --- [    Test worker] c.sixteam.ssgame.SsgameApplicationTests  : No active profile set, falling back to 1 default profile: "default"
2022-04-08 11:51:52.920  INFO 17696 --- [    Test worker] .s.d.r.c.RepositoryConfigurationDelegate : Bootstrapping Spring Data JPA repositories in DEFAULT mode.
2022-04-08 11:51:53.266  INFO 17696 --- [    Test worker] .s.d.r.c.RepositoryConfigurationDelegate : Finished Spring Data repository scanning in 334 ms. Found 13 JPA repository interfaces.
2022-04-08 11:51:54.208  INFO 17696 --- [    Test worker] trationDelegate$BeanPostProcessorChecker : Bean 'org.springframework.security.access.expression.method.DefaultMethodSecurityExpressionHandler@6010d0d1' of type [org.springframework.security.access.expression.method.DefaultMethodSecurityExpressionHandler] is not eligible for getting processed by all BeanPostProcessors (for example: not eligible for auto-proxying)
2022-04-08 11:51:54.253  INFO 17696 --- [    Test worker] trationDelegate$BeanPostProcessorChecker : Bean 'methodSecurityMetadataSource' of type [org.springframework.security.access.method.DelegatingMethodSecurityMetadataSource] is not eligible for getting processed by all BeanPostProcessors (for example: not eligible for auto-proxying)
2022-04-08 11:51:54.941  INFO 17696 --- [    Test worker] o.hibernate.jpa.internal.util.LogHelper  : HHH000204: Processing PersistenceUnitInfo [name: default]
2022-04-08 11:51:55.056  INFO 17696 --- [    Test worker] org.hibernate.Version                    : HHH000412: Hibernate ORM core version 5.4.33
2022-04-08 11:51:55.361  INFO 17696 --- [    Test worker] o.hibernate.annotations.common.Version   : HCANN000001: Hibernate Commons Annotations {5.1.2.Final}
2022-04-08 11:51:55.636  INFO 17696 --- [    Test worker] com.zaxxer.hikari.HikariDataSource       : HikariPool-1 - Starting...
2022-04-08 11:51:56.507  INFO 17696 --- [    Test worker] com.zaxxer.hikari.HikariDataSource       : HikariPool-1 - Start completed.
2022-04-08 11:51:56.579  INFO 17696 --- [    Test worker] org.hibernate.dialect.Dialect            : HHH000400: Using dialect: org.hibernate.dialect.MySQL8Dialect
2022-04-08 11:51:58.598  INFO 17696 --- [    Test worker] o.h.e.t.j.p.i.JtaPlatformInitiator       : HHH000490: Using JtaPlatform implementation: [org.hibernate.engine.transaction.jta.platform.internal.NoJtaPlatform]
2022-04-08 11:51:58.607  INFO 17696 --- [    Test worker] j.LocalContainerEntityManagerFactoryBean : Initialized JPA EntityManagerFactory for persistence unit 'default'
2022-04-08 11:51:59.663  INFO 17696 --- [    Test worker] o.s.s.web.DefaultSecurityFilterChain     : Will not secure any request
2022-04-08 11:52:00.459  INFO 17696 --- [    Test worker] c.sixteam.ssgame.SsgameApplicationTests  : Started SsgameApplicationTests in 9.591 seconds (JVM running for 12.313)
]]></system-out>
  <system-err><![CDATA[]]></system-err>
</testsuite>
